Determining if the pthread_create exist failed with the following output:
Change Dir: /home/hxhx/neural-cam-ros/build/CMakeFiles/CMakeTmp

Run Build Command:"/usr/bin/make" "cmTryCompileExec2394175646/fast"
make[1]: Entering directory `/home/hxhx/neural-cam-ros/build/CMakeFiles/CMakeTmp'
/usr/bin/make -f CMakeFiles/cmTryCompileExec2394175646.dir/build.make CMakeFiles/cmTryCompileExec2394175646.dir/build
make[2]: Entering directory `/home/hxhx/neural-cam-ros/build/CMakeFiles/CMakeTmp'
/usr/bin/cmake -E cmake_progress_report /home/hxhx/neural-cam-ros/build/CMakeFiles/CMakeTmp/CMakeFiles 1
Building C object CMakeFiles/cmTryCompileExec2394175646.dir/CheckSymbolExists.c.o
/usr/bin/cc    -o CMakeFiles/cmTryCompileExec2394175646.dir/CheckSymbolExists.c.o   -c /home/hxhx/neural-cam-ros/build/CMakeFiles/CMakeTmp/CheckSymbolExists.c
Linking C executable cmTryCompileExec2394175646
/usr/bin/cmake -E cmake_link_script CMakeFiles/cmTryCompileExec2394175646.dir/link.txt --verbose=1
/usr/bin/cc       CMakeFiles/cmTryCompileExec2394175646.dir/CheckSymbolExists.c.o  -o cmTryCompileExec2394175646 -rdynamic 
CMakeFiles/cmTryCompileExec2394175646.dir/CheckSymbolExists.c.o: In function `main':
CheckSymbolExists.c:(.text+0x16): undefined reference to `pthread_create'
collect2: error: ld returned 1 exit status
make[2]: *** [cmTryCompileExec2394175646] Error 1
make[2]: Leaving directory `/home/hxhx/neural-cam-ros/build/CMakeFiles/CMakeTmp'
make[1]: Leaving directory `/home/hxhx/neural-cam-ros/build/CMakeFiles/CMakeTmp'
make[1]: *** [cmTryCompileExec2394175646/fast] Error 2

File /home/hxhx/neural-cam-ros/build/CMakeFiles/CMakeTmp/CheckSymbolExists.c:
/* */
#include <pthread.h>

int main(int argc, char** argv)
{
  (void)argv;
#ifndef pthread_create
  return ((int*)(&pthread_create))[argc];
#else
  (void)argc;
  return 0;
#endif
}

Determining if the function pthread_create exists in the pthreads failed with the following output:
Change Dir: /home/hxhx/neural-cam-ros/build/CMakeFiles/CMakeTmp

Run Build Command:"/usr/bin/make" "cmTryCompileExec458603690/fast"
make[1]: Entering directory `/home/hxhx/neural-cam-ros/build/CMakeFiles/CMakeTmp'
/usr/bin/make -f CMakeFiles/cmTryCompileExec458603690.dir/build.make CMakeFiles/cmTryCompileExec458603690.dir/build
make[2]: Entering directory `/home/hxhx/neural-cam-ros/build/CMakeFiles/CMakeTmp'
/usr/bin/cmake -E cmake_progress_report /home/hxhx/neural-cam-ros/build/CMakeFiles/CMakeTmp/CMakeFiles 1
Building C object CMakeFiles/cmTryCompileExec458603690.dir/CheckFunctionExists.c.o
/usr/bin/cc   -DCHECK_FUNCTION_EXISTS=pthread_create   -o CMakeFiles/cmTryCompileExec458603690.dir/CheckFunctionExists.c.o   -c /usr/share/cmake-3.2/Modules/CheckFunctionExists.c
Linking C executable cmTryCompileExec458603690
/usr/bin/cmake -E cmake_link_script CMakeFiles/cmTryCompileExec458603690.dir/link.txt --verbose=1
/usr/bin/cc   -DCHECK_FUNCTION_EXISTS=pthread_create    CMakeFiles/cmTryCompileExec458603690.dir/CheckFunctionExists.c.o  -o cmTryCompileExec458603690 -rdynamic -lpthreads 
/usr/bin/ld: cannot find -lpthreads
collect2: error: ld returned 1 exit status
make[2]: *** [cmTryCompileExec458603690] Error 1
make[2]: Leaving directory `/home/hxhx/neural-cam-ros/build/CMakeFiles/CMakeTmp'
make[1]: Leaving directory `/home/hxhx/neural-cam-ros/build/CMakeFiles/CMakeTmp'
make[1]: *** [cmTryCompileExec458603690/fast] Error 2


